2024-01-02 21:55:49,971 INFO  [Log] **************************************************************************************** 
2024-01-02 21:55:49,993 INFO  [Log] $$$$$$$$$$$$$$$$$$$$$                 Search       $$$$$$$$$$$$$$$$$$$$$$$$$ 
2024-01-02 21:55:49,993 INFO  [Log] **************************************************************************************** 
2024-01-02 21:55:50,164 INFO  [Log] Excel sheetSearch was opened 
2024-01-02 21:55:50,633 INFO  [Log] CLicked element: //span[text()='Log in']/parent::button 
2024-01-02 21:55:54,319 INFO  [Log] page Log in displayed! 
2024-01-02 21:55:58,812 INFO  [Log] CLicked element: //*[text()='Log In']/ancestor::button 
2024-01-02 21:56:01,189 INFO  [Log] WebDriver wait for element present 
2024-01-02 21:56:03,478 INFO  [Log] CLicked element: //a[@aria-label='Search'] 
2024-01-02 21:56:06,539 INFO  [Log] WebDriver wait for element present 
2024-01-02 21:56:08,110 INFO  [Log] CLicked element: //span[text()='Songs']/parent::button 
2024-01-02 21:56:09,333 INFO  [Log] WebDriver wait for element present 
2024-01-02 21:56:11,103 INFO  [Log] WebDriver wait for element present 
2024-01-02 21:56:13,825 INFO  [Log] WebDriver wait for element present 
2024-01-02 21:56:13,834 INFO  [Log] CLicked element: //a[@aria-label='Search'] 
2024-01-02 21:56:16,945 INFO  [Log] WebDriver wait for element present 
2024-01-02 21:56:18,470 INFO  [Log] Browser closed 
2024-01-02 22:00:31,070 INFO  [Log] **************************************************************************************** 
2024-01-02 22:00:31,081 INFO  [Log] $$$$$$$$$$$$$$$$$$$$$                 Search       $$$$$$$$$$$$$$$$$$$$$$$$$ 
2024-01-02 22:00:31,081 INFO  [Log] **************************************************************************************** 
2024-01-02 22:00:31,128 INFO  [Log] Excel sheetSearch was opened 
2024-01-02 22:00:31,544 INFO  [Log] CLicked element: //span[text()='Log in']/parent::button 
2024-01-02 22:00:34,832 INFO  [Log] page Log in displayed! 
2024-01-02 22:00:39,299 INFO  [Log] CLicked element: //*[text()='Log In']/ancestor::button 
2024-01-02 22:00:41,611 INFO  [Log] WebDriver wait for element present 
2024-01-02 22:00:43,456 INFO  [Log] CLicked element: //a[@aria-label='Search'] 
2024-01-02 22:00:46,669 INFO  [Log] WebDriver wait for element present 
2024-01-02 22:00:48,058 INFO  [Log] CLicked element: //span[text()='Songs']/parent::button 
2024-01-02 22:00:48,913 INFO  [Log] WebDriver wait for element present 
2024-01-02 22:00:56,554 INFO  [Log] WebDriver wait for element present 
2024-01-02 22:00:56,571 INFO  [Log] CLicked element: //a[@aria-label='Search'] 
2024-01-02 22:00:59,589 INFO  [Log] WebDriver wait for element present 
2024-01-02 22:01:05,242 INFO  [Log] Browser closed 
2024-01-02 22:04:42,379 INFO  [Log] **************************************************************************************** 
2024-01-02 22:04:42,389 INFO  [Log] $$$$$$$$$$$$$$$$$$$$$                 Search       $$$$$$$$$$$$$$$$$$$$$$$$$ 
2024-01-02 22:04:42,389 INFO  [Log] **************************************************************************************** 
2024-01-02 22:04:42,434 INFO  [Log] Excel sheetSearch was opened 
2024-01-02 22:04:43,080 INFO  [Log] CLicked element: //span[text()='Log in']/parent::button 
2024-01-02 22:04:46,455 INFO  [Log] page Log in displayed! 
2024-01-02 22:04:50,973 INFO  [Log] CLicked element: //*[text()='Log In']/ancestor::button 
2024-01-02 22:04:53,275 INFO  [Log] WebDriver wait for element present 
2024-01-02 22:04:55,475 INFO  [Log] CLicked element: //a[@aria-label='Search'] 
2024-01-02 22:04:58,420 INFO  [Log] WebDriver wait for element present 
2024-01-02 22:04:59,588 INFO  [Log] CLicked element: //span[text()='Songs']/parent::button 
2024-01-02 22:05:00,466 INFO  [Log] WebDriver wait for element present 
2024-01-02 22:05:08,303 INFO  [Log] WebDriver wait for element present 
2024-01-02 22:05:08,319 INFO  [Log] CLicked element: //a[@aria-label='Search'] 
2024-01-02 22:05:11,242 INFO  [Log] WebDriver wait for element present 
2024-01-02 22:05:16,753 INFO  [Log] Browser closed 
